01:44:33, 86.5999984741211, 67.1, 400, 0
01:44:38, 86.5, 67.1, 400, 0
01:44:44, 86.30000305175781, 67.1, 400, 0
01:44:49, 86.30000305175781, 67.1, 1494, 0
01:44:55, 86.30000305175781, 67.1, 1502, 0
01:45:01, 86.30000305175781, 67.1, 1507, 0
01:45:06, 86.80000305175781, 67.1, 1493, 0
01:45:12, 86.69999694824219, 67.1, 1505, 0
01:45:18, 86.5999984741211, 67.1, 1486, 0
01:45:23, 86.5999984741211, 67.1, 1496, 0
01:45:29, 86.69999694824219, 67.1, 1474, 0
01:45:37, 86.69999694824219, 67.1, 1493, 0
01:45:43, 86.5, 67.1, 1485, 0
01:45:48, 86.30000305175781, 67.1, 1480, 0
01:45:54, 86.30000305175781, 67.1, 1502, 0
01:46:00, 86.30000305175781, 67.1, 1507, 0
01:46:05, 86.4000015258789, 67.1, 1482, 0
01:46:11, 86.30000305175781, 67.1, 1480, 0
01:46:17, 86.0999984741211, 67.1, 1481, 0
01:46:22, 86.30000305175781, 67.1, 1489, 0
01:46:28, 86.5, 67.1, 1489, 0
01:46:34, 86.69999694824219, 67.1, 1480, 0
01:46:39, 86.80000305175781, 67.1, 1478, 0
01:46:45, 86.9000015258789, 67.1, 1473, 0
01:46:50, 86.80000305175781, 67.1, 1485, 0
01:46:56, 87.0, 67.1, 1486, 0
01:47:02, 87.0, 67.1, 1482, 0
01:47:07, 86.80000305175781, 67.1, 1481, 0
01:47:13, 86.69999694824219, 67.1, 1473, 0
01:47:19, 86.69999694824219, 67.1, 1489, 0
01:47:24, 86.80000305175781, 67.1, 1487, 0
01:47:30, 87.0, 67.1, 1483, 0
01:47:36, 86.80000305175781, 67.1, 1489, 0
01:47:41, 86.80000305175781, 67.1, 1484, 0
01:47:47, 86.9000015258789, 67.1, 1486, 0
01:47:52, 86.69999694824219, 67.1, 1473, 0
01:47:58, 86.5, 67.1, 1476, 0
01:48:04, 86.5, 67.1, 1486, 0
01:48:09, 86.69999694824219, 67.1, 1503, 0
01:48:15, 87.0, 67.1, 1708, 0
01:48:21, 87.30000305175781, 67.1, 1506, 0
01:48:26, 87.30000305175781, 67.1, 1512, 0
01:48:32, 86.69999694824219, 67.1, 1513, 0
01:48:38, 86.69999694824219, 67.1, 1514, 0
01:48:43, 87.5, 67.1, 1504, 0
01:48:49, 88.0, 67.1, 1523, 0
01:48:54, 88.5, 67.1, 1496, 0
01:49:00, 88.5, 67.1, 1487, 0
01:49:06, 88.5, 67.1, 1470, 0
01:49:11, 88.0999984741211, 67.1, 1461, 0
01:49:17, 87.69999694824219, 67.1, 1471, 0
01:49:23, 88.0999984741211, 67.1, 1492, 0
01:49:28, 88.30000305175781, 67.1, 1478, 0
01:49:34, 87.9000015258789, 67.1, 1466, 0
01:49:42, 87.30000305175781, 67.1, 1498, 0
01:49:48, 87.30000305175781, 67.1, 1492, 0
01:49:53, 87.30000305175781, 67.1, 1480, 0
01:49:59, 87.80000305175781, 67.1, 1496, 0
01:50:05, 90.19999694824219, 67.1, 1497, 0
01:50:10, 91.4000015258789, 67.1, 1472, 0
01:50:16, 93.5, 67.1, 1445, 0
01:50:24, 96.30000305175781, 66.9199993133545, 1409, 0
01:50:32, 97.5999984741211, 66.9199993133545, 1392, 0
01:50:38, 97.9000015258789, 66.9199993133545, 1389, 0
01:50:44, 98.5, 67.1, 1381, 0
01:50:49, 98.9000015258789, 66.9199993133545, 1390, 0
01:50:55, 99.4000015258789, 66.9199993133545, 1379, 0
01:51:01, 99.69999694824219, 66.9199993133545, 1371, 0
01:51:06, 99.9000015258789, 66.9199993133545, 1358, 0
01:51:12, 99.9000015258789, 66.9199993133545, 1376, 0
01:51:17, 99.9000015258789, 66.9199993133545, 1355, 0
01:51:23, 99.9000015258789, 66.73999862670898, 1363, 0
01:51:29, 99.9000015258789, 66.73999862670898, 1330, 0
01:51:34, 99.9000015258789, 66.73999862670898, 1333, 0
01:51:40, 99.9000015258789, 66.73999862670898, 1336, 0
01:51:46, 99.9000015258789, 66.73999862670898, 1321, 0
01:51:51, 99.9000015258789, 66.73999862670898, 1313, 0
01:51:57, 99.9000015258789, 66.73999862670898, 1308, 0
01:52:03, 99.9000015258789, 66.73999862670898, 1291, 0
01:52:08, 99.9000015258789, 66.73999862670898, 1285, 0
01:52:14, 99.9000015258789, 66.73999862670898, 1281, 0
01:52:19, 99.9000015258789, 66.73999862670898, 1268, 0
01:52:25, 99.9000015258789, 66.73999862670898, 1271, 0
01:52:31, 99.9000015258789, 66.73999862670898, 1262, 0
01:52:36, 99.9000015258789, 66.56000137329102, 1249, 0
01:52:42, 99.9000015258789, 66.73999862670898, 1244, 0
01:52:48, 99.9000015258789, 66.73999862670898, 1241, 0
01:52:53, 99.9000015258789, 66.73999862670898, 1237, 0
01:52:59, 99.9000015258789, 66.73999862670898, 1226, 0
01:53:05, 99.9000015258789, 66.73999862670898, 1219, 0
01:53:10, 99.9000015258789, 66.73999862670898, 1193, 0
01:53:16, 99.9000015258789, 66.73999862670898, 1209, 0
01:53:21, 99.9000015258789, 66.73999862670898, 1196, 0
01:53:27, 99.9000015258789, 66.73999862670898, 1193, 0
01:53:33, 99.9000015258789, 66.56000137329102, 1195, 0
01:53:38, 99.9000015258789, 66.56000137329102, 1185, 0
01:53:44, 99.9000015258789, 66.73999862670898, 1171, 0
01:53:50, 99.9000015258789, 66.73999862670898, 1171, 0
01:53:55, 99.9000015258789, 66.56000137329102, 1164, 0
01:54:01, 99.9000015258789, 66.73999862670898, 1152, 0
01:54:07, 99.9000015258789, 66.56000137329102, 1144, 0
01:54:12, 99.9000015258789, 66.73999862670898, 1137, 0
01:54:18, 99.9000015258789, 66.73999862670898, 1132, 0
01:54:23, 99.9000015258789, 66.73999862670898, 1114, 0
01:54:29, 99.9000015258789, 66.73999862670898, 1114, 0
01:54:35, 99.9000015258789, 66.73999862670898, 1107, 0
01:54:40, 99.9000015258789, 66.73999862670898, 1096, 0
01:54:46, 99.9000015258789, 66.73999862670898, 1095, 0
01:54:52, 99.9000015258789, 66.73999862670898, 1083, 0
01:54:57, 99.9000015258789, 66.73999862670898, 1085, 0
01:55:03, 99.9000015258789, 66.73999862670898, 1067, 0
01:55:09, 99.9000015258789, 66.73999862670898, 1070, 0
01:55:14, 99.9000015258789, 66.73999862670898, 1059, 0
01:55:20, 99.9000015258789, 66.73999862670898, 1056, 0
01:55:25, 99.9000015258789, 66.73999862670898, 1041, 0
01:55:31, 99.9000015258789, 66.73999862670898, 1036, 0
01:55:37, 99.9000015258789, 66.73999862670898, 1028, 0
01:55:42, 99.9000015258789, 66.73999862670898, 1023, 0
01:55:48, 99.9000015258789, 66.73999862670898, 997, 0
01:55:54, 99.9000015258789, 66.9199993133545, 1017, 0
01:55:59, 99.9000015258789, 66.73999862670898, 1009, 0
01:56:05, 99.9000015258789, 66.73999862670898, 986, 0
01:56:11, 99.9000015258789, 66.9199993133545, 986, 0
01:56:16, 99.9000015258789, 66.9199993133545, 997, 0
01:56:22, 99.9000015258789, 66.9199993133545, 980, 0
01:56:30, 99.9000015258789, 66.9199993133545, 956, 0
01:56:36, 99.9000015258789, 66.9199993133545, 952, 0
01:56:41, 99.9000015258789, 66.9199993133545, 945, 0
